[debug] [2024-07-05T14:26:38.796Z] ----------------------------------------------------------------------
[debug] [2024-07-05T14:26:38.813Z] Command:       C:\Program Files\nodejs\node.exe C:\Users\Student\AppData\Roaming\npm\node_modules\firebase-tools\lib\bin\firebase.js init
[debug] [2024-07-05T14:26:38.813Z] CLI Version:   13.0.3
[debug] [2024-07-05T14:26:38.814Z] Platform:      win32
[debug] [2024-07-05T14:26:38.814Z] Node Version:  v22.1.0
[debug] [2024-07-05T14:26:38.814Z] Time:          Fri Jul 05 2024 16:26:38 GMT+0200 (South Africa Standard Time)
[debug] [2024-07-05T14:26:38.815Z] ----------------------------------------------------------------------
[debug] 
[debug] [2024-07-05T14:26:38.960Z] > command requires scopes: ["email","openid","https://www.googleapis.com/auth/cloudplatformprojects.readonly","https://www.googleapis.com/auth/firebase","https://www.googleapis.com/auth/cloud-platform"]
[debug] [2024-07-05T14:26:38.960Z] > authorizing via signed-in user (mbalentle.matiwane21@gmail.com)
[info] 
     ######## #### ########  ######## ########     ###     ######  ########
     ##        ##  ##     ## ##       ##     ##  ##   ##  ##       ##
     ######    ##  ########  ######   ########  #########  ######  ######
     ##        ##  ##    ##  ##       ##     ## ##     ##       ## ##
     ##       #### ##     ## ######## ########  ##     ##  ######  ########

You're about to initialize a Firebase project in this directory:

  C:\Users\Student\Desktop\Workshop\Projects\vue_portfolio

Before we get started, keep in mind:

  * You are initializing within an existing Firebase project directory

